<!DOCTYPE html>

<html lang="en">

<head>

<meta charset="UTF-8">

<link rel="stylesheet" href="/Public/Css/bootstrap.css">

<link rel="stylesheet" href="/Public/Css/Home/layout.css">

	<title></title>

</head>

<body class='container' >

	<div class="navbar navbar-default" role="navigation" id='daohang'>

        <div class="navbar-header">

			<a class="navbar-brand" href="#"><strong>启明星签到</strong></a>

        </div>

        <div class="navbar-collapse collapse">

          <ul class="nav navbar-nav">

            <li><a href="/index.php/Qiandao/index">签到</a></li>

            <li><a href="/index.php/Qiandao/showinfo">本周详细签到情况</a></li>

          </ul>

          <ul class="nav navbar-nav navbar-right">

			  <li class="active"><a>钟俊威</a></li>

            <li><a href="http://www.ctguqmx.com">返回论坛</a></li>

          </ul>

        </div><!--/.nav-collapse -->

      </div>



	 <div>

		 <!DOCTYPE html PUBLIC "-//W3C//DTD XHTML 1.0 Transitional//EN" "http://www.w3.org/TR/xhtml1/DTD/xhtml1-transitional.dtd">
<html xmlns="http://www.w3.org/1999/xhtml">
<head>
<meta http-equiv="Content-Type" content="text/html; charset=utf-8" />
<title>跳转提示</title>
<style type="text/css">
*{ padding: 0; margin: 0; }
body{ background: #fff; font-family: '微软雅黑'; color: #333; font-size: 16px; }
.system-message{ padding: 24px 48px; }
.system-message h1{ font-size: 100px; font-weight: normal; line-height: 120px; margin-bottom: 12px; }
.system-message .jump{ padding-top: 10px}
.system-message .jump a{ color: #333;}
.system-message .success,.system-message .error{ line-height: 1.8em; font-size: 36px }
.system-message .detail{ font-size: 12px; line-height: 20px; margin-top: 12px; display:none}
</style>
</head>
<body>
<div class="system-message">
<h1>:)</h1>
<p class="success">签到成功</p>
<p class="detail"></p>
<p class="jump">
页面自动 <a id="href" href="">跳转</a> 等待时间： <b id="wait">1</b>
</p>
</div>
<script type="text/javascript">
(function(){
var wait = document.getElementById('wait'),href = document.getElementById('href').href;
var interval = setInterval(function(){
	var time = --wait.innerHTML;
	if(time == 0) {
		location.href = href;
		clearInterval(interval);
	};
}, 1000);
})();
</script>
</body>
</html>

	 </div>

</body>

</html>
